2001.11.10 02:18 B i:\Program Files\WaveMetrics\Igor Pro Folder\User Procedures\ColorTables\names & tables\00.B-W Linear --> ftp.rz-berlin.mpg.de /home/horn/User Procedures/ColorTables/names & tables 00.B-W Linear
2001.11.10 02:18 B i:\Program Files\WaveMetrics\Igor Pro Folder\User Procedures\ColorTables\names & tables\01.Blue-White --> ftp.rz-berlin.mpg.de /home/horn/User Procedures/ColorTables/names & tables 01.Blue-White
2001.11.10 02:18 B i:\Program Files\WaveMetrics\Igor Pro Folder\User Procedures\ColorTables\names & tables\02.Grn-Red-Blu-Wht --> ftp.rz-berlin.mpg.de /home/horn/User Procedures/ColorTables/names & tables 02.Grn-Red-Blu-Wht
2001.11.10 02:18 B i:\Program Files\WaveMetrics\Igor Pro Folder\User Procedures\ColorTables\names & tables\03.Red Temperature --> ftp.rz-berlin.mpg.de /home/horn/User Procedures/ColorTables/names & tables 03.Red Temperature
2001.11.10 02:19 B i:\Program Files\WaveMetrics\Igor Pro Folder\User Procedures\ColorTables\names & tables\04.Blue-Green-Red-Yellow --> ftp.rz-berlin.mpg.de /home/horn/User Procedures/ColorTables/names & tables 04.Blue-Green-Red-Yellow
2001.11.10 02:19 B i:\Program Files\WaveMetrics\Igor Pro Folder\User Procedures\ColorTables\names & tables\05.Std Gamma-II --> ftp.rz-berlin.mpg.de /home/horn/User Procedures/ColorTables/names & tables 05.Std Gamma-II
2001.11.10 02:19 B i:\Program Files\WaveMetrics\Igor Pro Folder\User Procedures\ColorTables\names & tables\06.Prism --> ftp.rz-berlin.mpg.de /home/horn/User Procedures/ColorTables/names & tables 06.Prism
2001.11.10 02:19 B i:\Program Files\WaveMetrics\Igor Pro Folder\User Procedures\ColorTables\names & tables\07.Red-Purple --> ftp.rz-berlin.mpg.de /home/horn/User Procedures/ColorTables/names & tables 07.Red-Purple
2001.11.10 02:19 B i:\Program Files\WaveMetrics\Igor Pro Folder\User Procedures\ColorTables\names & tables\08.Green-White Linear --> ftp.rz-berlin.mpg.de /home/horn/User Procedures/ColorTables/names & tables 08.Green-White Linear
2001.11.10 02:19 B i:\Program Files\WaveMetrics\Igor Pro Folder\User Procedures\ColorTables\names & tables\09.Grn-Wht Exponential --> ftp.rz-berlin.mpg.de /home/horn/User Procedures/ColorTables/names & tables 09.Grn-Wht Exponential
2001.11.10 02:19 B i:\Program Files\WaveMetrics\Igor Pro Folder\User Procedures\ColorTables\names & tables\10.Green-Pink --> ftp.rz-berlin.mpg.de /home/horn/User Procedures/ColorTables/names & tables 10.Green-Pink
2001.11.10 02:19 B i:\Program Files\WaveMetrics\Igor Pro Folder\User Procedures\ColorTables\names & tables\11.Blue-Red --> ftp.rz-berlin.mpg.de /home/horn/User Procedures/ColorTables/names & tables 11.Blue-Red
2001.11.10 02:19 B i:\Program Files\WaveMetrics\Igor Pro Folder\User Procedures\ColorTables\names & tables\12.16 Level --> ftp.rz-berlin.mpg.de /home/horn/User Procedures/ColorTables/names & tables 12.16 Level
2001.11.10 02:19 B i:\Program Files\WaveMetrics\Igor Pro Folder\User Procedures\ColorTables\names & tables\13.Rainbow --> ftp.rz-berlin.mpg.de /home/horn/User Procedures/ColorTables/names & tables 13.Rainbow
2001.11.10 02:19 B i:\Program Files\WaveMetrics\Igor Pro Folder\User Procedures\ColorTables\names & tables\14.Steps --> ftp.rz-berlin.mpg.de /home/horn/User Procedures/ColorTables/names & tables 14.Steps
2001.11.10 02:19 B i:\Program Files\WaveMetrics\Igor Pro Folder\User Procedures\ColorTables\names & tables\15.Stern Special --> ftp.rz-berlin.mpg.de /home/horn/User Procedures/ColorTables/names & tables 15.Stern Special
2001.11.10 02:19 B i:\Program Files\WaveMetrics\Igor Pro Folder\User Procedures\ColorTables\names & tables\16.Haze --> ftp.rz-berlin.mpg.de /home/horn/User Procedures/ColorTables/names & tables 16.Haze
2001.11.10 02:19 B i:\Program Files\WaveMetrics\Igor Pro Folder\User Procedures\ColorTables\names & tables\17.Blue-Pastel-Red --> ftp.rz-berlin.mpg.de /home/horn/User Procedures/ColorTables/names & tables 17.Blue-Pastel-Red
2001.11.10 02:19 B i:\Program Files\WaveMetrics\Igor Pro Folder\User Procedures\ColorTables\names & tables\18.Pastels --> ftp.rz-berlin.mpg.de /home/horn/User Procedures/ColorTables/names & tables 18.Pastels
2001.11.10 02:19 B i:\Program Files\WaveMetrics\Igor Pro Folder\User Procedures\ColorTables\names & tables\19.Hue Sat Lightness 1 --> ftp.rz-berlin.mpg.de /home/horn/User Procedures/ColorTables/names & tables 19.Hue Sat Lightness 1
2001.11.10 02:19 B i:\Program Files\WaveMetrics\Igor Pro Folder\User Procedures\ColorTables\names & tables\20.Hue Sat Lightness 2 --> ftp.rz-berlin.mpg.de /home/horn/User Procedures/ColorTables/names & tables 20.Hue Sat Lightness 2
2001.11.10 02:19 B i:\Program Files\WaveMetrics\Igor Pro Folder\User Procedures\ColorTables\names & tables\21.Hue Sat Value 1 --> ftp.rz-berlin.mpg.de /home/horn/User Procedures/ColorTables/names & tables 21.Hue Sat Value 1
2001.11.10 02:19 B i:\Program Files\WaveMetrics\Igor Pro Folder\User Procedures\ColorTables\names & tables\22.Hue Sat Value 2 --> ftp.rz-berlin.mpg.de /home/horn/User Procedures/ColorTables/names & tables 22.Hue Sat Value 2
2001.11.10 02:19 B i:\Program Files\WaveMetrics\Igor Pro Folder\User Procedures\ColorTables\names & tables\23.Purple-Red + Stripes --> ftp.rz-berlin.mpg.de /home/horn/User Procedures/ColorTables/names & tables 23.Purple-Red + Stripes
2001.11.10 02:19 B i:\Program Files\WaveMetrics\Igor Pro Folder\User Procedures\ColorTables\names & tables\24.Beach --> ftp.rz-berlin.mpg.de /home/horn/User Procedures/ColorTables/names & tables 24.Beach
2001.11.10 02:19 B i:\Program Files\WaveMetrics\Igor Pro Folder\User Procedures\ColorTables\names & tables\25.Mac Style --> ftp.rz-berlin.mpg.de /home/horn/User Procedures/ColorTables/names & tables 25.Mac Style
2001.11.10 02:19 B i:\Program Files\WaveMetrics\Igor Pro Folder\User Procedures\ColorTables\names & tables\26.Eos A --> ftp.rz-berlin.mpg.de /home/horn/User Procedures/ColorTables/names & tables 26.Eos A
2001.11.10 02:19 B i:\Program Files\WaveMetrics\Igor Pro Folder\User Procedures\ColorTables\names & tables\27.Eos B --> ftp.rz-berlin.mpg.de /home/horn/User Procedures/ColorTables/names & tables 27.Eos B
2001.11.10 02:19 B i:\Program Files\WaveMetrics\Igor Pro Folder\User Procedures\ColorTables\names & tables\28.Hardcandy --> ftp.rz-berlin.mpg.de /home/horn/User Procedures/ColorTables/names & tables 28.Hardcandy
2001.11.10 02:19 B i:\Program Files\WaveMetrics\Igor Pro Folder\User Procedures\ColorTables\names & tables\29.Nature --> ftp.rz-berlin.mpg.de /home/horn/User Procedures/ColorTables/names & tables 29.Nature
2001.11.10 02:19 B i:\Program Files\WaveMetrics\Igor Pro Folder\User Procedures\ColorTables\names & tables\30.Ocean --> ftp.rz-berlin.mpg.de /home/horn/User Procedures/ColorTables/names & tables 30.Ocean
2001.11.10 02:19 B i:\Program Files\WaveMetrics\Igor Pro Folder\User Procedures\ColorTables\names & tables\31.Peppermint --> ftp.rz-berlin.mpg.de /home/horn/User Procedures/ColorTables/names & tables 31.Peppermint
2001.11.10 02:19 B i:\Program Files\WaveMetrics\Igor Pro Folder\User Procedures\ColorTables\names & tables\32.Plasma --> ftp.rz-berlin.mpg.de /home/horn/User Procedures/ColorTables/names & tables 32.Plasma
2001.11.10 02:19 B i:\Program Files\WaveMetrics\Igor Pro Folder\User Procedures\ColorTables\names & tables\33.Blue-Red --> ftp.rz-berlin.mpg.de /home/horn/User Procedures/ColorTables/names & tables 33.Blue-Red
2001.11.10 02:19 B i:\Program Files\WaveMetrics\Igor Pro Folder\User Procedures\ColorTables\names & tables\34.Rainbow --> ftp.rz-berlin.mpg.de /home/horn/User Procedures/ColorTables/names & tables 34.Rainbow
2001.11.10 02:19 B i:\Program Files\WaveMetrics\Igor Pro Folder\User Procedures\ColorTables\names & tables\35.Blue Waves --> ftp.rz-berlin.mpg.de /home/horn/User Procedures/ColorTables/names & tables 35.Blue Waves
2001.11.10 02:19 B i:\Program Files\WaveMetrics\Igor Pro Folder\User Procedures\ColorTables\names & tables\36.Volcano --> ftp.rz-berlin.mpg.de /home/horn/User Procedures/ColorTables/names & tables 36.Volcano
2001.11.10 02:19 B i:\Program Files\WaveMetrics\Igor Pro Folder\User Procedures\ColorTables\names & tables\37.Waves --> ftp.rz-berlin.mpg.de /home/horn/User Procedures/ColorTables/names & tables 37.Waves
2001.11.10 02:19 B i:\Program Files\WaveMetrics\Igor Pro Folder\User Procedures\ColorTables\names & tables\38.Rainbow18 --> ftp.rz-berlin.mpg.de /home/horn/User Procedures/ColorTables/names & tables 38.Rainbow18
2001.11.10 02:19 B i:\Program Files\WaveMetrics\Igor Pro Folder\User Procedures\ColorTables\names & tables\39.Rainbow + white --> ftp.rz-berlin.mpg.de /home/horn/User Procedures/ColorTables/names & tables 39.Rainbow + white
2001.11.10 02:19 B i:\Program Files\WaveMetrics\Igor Pro Folder\User Procedures\ColorTables\names & tables\40.Rainbow + black --> ftp.rz-berlin.mpg.de /home/horn/User Procedures/ColorTables/names & tables 40.Rainbow + black
2001.11.10 02:19 B i:\Program Files\WaveMetrics\Igor Pro Folder\User Procedures\ColorTables\names & tables\colorTableNames.awav --> ftp.rz-berlin.mpg.de /home/horn/User Procedures/ColorTables/names & tables colorTableNames.awav
2001.11.10 02:19 B i:\Program Files\WaveMetrics\Igor Pro Folder\User Procedures\ColorTables\names & tables\idlcolor.tbl --> ftp.rz-berlin.mpg.de /home/horn/User Procedures/ColorTables/names & tables idlcolor.tbl
2001.11.10 02:19 B i:\Program Files\WaveMetrics\Igor Pro Folder\User Procedures\ColorTables\names & tables\idlcolorStripped.tbl --> ftp.rz-berlin.mpg.de /home/horn/User Procedures/ColorTables/names & tables idlcolorStripped.tbl
