2001.11.10 02:21 B i:\Program Files\WaveMetrics\Igor Pro Folder\User Procedures\Utility\Binary.ipf --> ftp.rz-berlin.mpg.de /home/horn/User Procedures/Utility Binary.ipf
2001.11.10 02:21 B i:\Program Files\WaveMetrics\Igor Pro Folder\User Procedures\Utility\disp_util.ipf --> ftp.rz-berlin.mpg.de /home/horn/User Procedures/Utility disp_util.ipf
2001.11.10 02:21 B i:\Program Files\WaveMetrics\Igor Pro Folder\User Procedures\Utility\filelist.ipf --> ftp.rz-berlin.mpg.de /home/horn/User Procedures/Utility filelist.ipf
2001.11.10 02:21 B i:\Program Files\WaveMetrics\Igor Pro Folder\User Procedures\Utility\Image_util.ipf --> ftp.rz-berlin.mpg.de /home/horn/User Procedures/Utility Image_util.ipf
2001.11.10 02:21 B i:\Program Files\WaveMetrics\Igor Pro Folder\User Procedures\Utility\List_Util.ipf --> ftp.rz-berlin.mpg.de /home/horn/User Procedures/Utility List_Util.ipf
2001.11.10 02:21 B i:\Program Files\WaveMetrics\Igor Pro Folder\User Procedures\Utility\MenuSymbol.ipf --> ftp.rz-berlin.mpg.de /home/horn/User Procedures/Utility MenuSymbol.ipf
2001.11.10 02:21 B i:\Program Files\WaveMetrics\Igor Pro Folder\User Procedures\Utility\Shortcuts.ipf --> ftp.rz-berlin.mpg.de /home/horn/User Procedures/Utility Shortcuts.ipf
2001.11.10 02:21 B i:\Program Files\WaveMetrics\Igor Pro Folder\User Procedures\Utility\Tags.ipf --> ftp.rz-berlin.mpg.de /home/horn/User Procedures/Utility Tags.ipf
2001.11.10 02:21 B i:\Program Files\WaveMetrics\Igor Pro Folder\User Procedures\Utility\TV.ipf --> ftp.rz-berlin.mpg.de /home/horn/User Procedures/Utility TV.ipf
2001.11.10 02:21 B i:\Program Files\WaveMetrics\Igor Pro Folder\User Procedures\Utility\Volume.ipf --> ftp.rz-berlin.mpg.de /home/horn/User Procedures/Utility Volume.ipf
2001.11.10 02:21 B i:\Program Files\WaveMetrics\Igor Pro Folder\User Procedures\Utility\wav_util.ipf --> ftp.rz-berlin.mpg.de /home/horn/User Procedures/Utility wav_util.ipf
2001.11.10 02:21 B i:\Program Files\WaveMetrics\Igor Pro Folder\User Procedures\Utility\Win_Util.ipf --> ftp.rz-berlin.mpg.de /home/horn/User Procedures/Utility Win_Util.ipf
2002.01.30 09:29 B i:\Program Files\WaveMetrics\Igor Pro Folder\User Procedures\Utility\Binary.ipf --> whitney.phys.washington.edu /Whitney/ALS2002/Utility Binary.ipf
2002.01.30 09:29 B i:\Program Files\WaveMetrics\Igor Pro Folder\User Procedures\Utility\disp_util.ipf --> whitney.phys.washington.edu /Whitney/ALS2002/Utility disp_util.ipf
2002.01.30 09:29 B i:\Program Files\WaveMetrics\Igor Pro Folder\User Procedures\Utility\filelist.ipf --> whitney.phys.washington.edu /Whitney/ALS2002/Utility filelist.ipf
2002.01.30 09:29 B i:\Program Files\WaveMetrics\Igor Pro Folder\User Procedures\Utility\Image_util.ipf --> whitney.phys.washington.edu /Whitney/ALS2002/Utility Image_util.ipf
2002.01.30 09:29 B i:\Program Files\WaveMetrics\Igor Pro Folder\User Procedures\Utility\List_Util.ipf --> whitney.phys.washington.edu /Whitney/ALS2002/Utility List_Util.ipf
2002.01.30 09:29 B i:\Program Files\WaveMetrics\Igor Pro Folder\User Procedures\Utility\MenuSymbol.ipf --> whitney.phys.washington.edu /Whitney/ALS2002/Utility MenuSymbol.ipf
2002.01.30 09:29 B i:\Program Files\WaveMetrics\Igor Pro Folder\User Procedures\Utility\Shortcuts.ipf --> whitney.phys.washington.edu /Whitney/ALS2002/Utility Shortcuts.ipf
2002.01.30 09:29 B i:\Program Files\WaveMetrics\Igor Pro Folder\User Procedures\Utility\Tags.ipf --> whitney.phys.washington.edu /Whitney/ALS2002/Utility Tags.ipf
2002.01.30 09:29 B i:\Program Files\WaveMetrics\Igor Pro Folder\User Procedures\Utility\TV.ipf --> whitney.phys.washington.edu /Whitney/ALS2002/Utility TV.ipf
2002.01.30 09:29 B i:\Program Files\WaveMetrics\Igor Pro Folder\User Procedures\Utility\Volume.ipf --> whitney.phys.washington.edu /Whitney/ALS2002/Utility Volume.ipf
2002.01.30 09:29 B i:\Program Files\WaveMetrics\Igor Pro Folder\User Procedures\Utility\wav_util.ipf --> whitney.phys.washington.edu /Whitney/ALS2002/Utility wav_util.ipf
2002.01.30 09:29 B i:\Program Files\WaveMetrics\Igor Pro Folder\User Procedures\Utility\Win_Util.ipf --> whitney.phys.washington.edu /Whitney/ALS2002/Utility Win_Util.ipf
2002.01.30 09:29 B i:\Program Files\WaveMetrics\Igor Pro Folder\User Procedures\Utility\WS_FTP.LOG --> whitney.phys.washington.edu /Whitney/ALS2002/Utility WS_FTP.LOG
